[2017-01-27 17:42:13] local.ERROR: Facebook\Exceptions\FacebookAuthenticationException: Unsupported get request. Object with ID '391822290879219' does not exist, cannot be loaded due to missing permissions, or does not support this operation. Please read the Graph API documentation at https://developers.facebook.com/docs/graph-api in /var/www/wroclaw-event-tracker/vendor/facebook/graph-sdk/src/Facebook/Exceptions/FacebookResponseException.php:106
Stack trace:
#0 /var/www/wroclaw-event-tracker/vendor/facebook/graph-sdk/src/Facebook/FacebookResponse.php(210): Facebook\Exceptions\FacebookResponseException::create(Object(Facebook\FacebookResponse))
#1 /var/www/wroclaw-event-tracker/vendor/facebook/graph-sdk/src/Facebook/FacebookResponse.php(255): Facebook\FacebookResponse->makeException()
#2 /var/www/wroclaw-event-tracker/vendor/facebook/graph-sdk/src/Facebook/FacebookResponse.php(82): Facebook\FacebookResponse->decodeBody()
#3 /var/www/wroclaw-event-tracker/vendor/facebook/graph-sdk/src/Facebook/FacebookClient.php(224): Facebook\FacebookResponse->__construct(Object(Facebook\FacebookRequest), '{"error":{"mess...', 400, Array)
#4 /var/www/wroclaw-event-tracker/vendor/facebook/graph-sdk/src/Facebook/Facebook.php(469): Facebook\FacebookClient->sendRequest(Object(Facebook\FacebookRequest))
#5 /var/www/wroclaw-event-tracker/app/Scrapers/Facebook/EventScraper.php(36): Facebook\Facebook->sendRequest('GET', '391822290879219...', Array)
#6 /var/www/wroclaw-event-tracker/app/Console/Commands/FacebookEventScraper.php(132): App\Scrapers\Facebook\EventScraper->fetchEvents(Object(App\Models\Place), Array)
#7 /var/www/wroclaw-event-tracker/app/Console/Commands/FacebookEventScraper.php(71): App\Console\Commands\FacebookEventScraper->fetchAllPlaceEvents(Object(App\Models\Place))
#8 /var/www/wroclaw-event-tracker/vendor/laravel/framework/src/Illuminate/Support/Collection.php(244): App\Console\Commands\FacebookEventScraper->App\Console\Commands\{closure}(Object(App\Models\Place), 492)
#9 /var/www/wroclaw-event-tracker/app/Console/Commands/FacebookEventScraper.php(99): Illuminate\Support\Collection->each(Object(Closure))
#10 [internal function]: App\Console\Commands\FacebookEventScraper->handle()
#11 /var/www/wroclaw-event-tracker/vendor/laravel/framework/src/Illuminate/Container/BoundMethod.php(28): call_user_func_array(Array, Array)
#12 /var/www/wroclaw-event-tracker/vendor/laravel/framework/src/Illuminate/Support/helpers.php(912): Illuminate\Container\BoundMethod::Illuminate\Container\{closure}()
#13 /var/www/wroclaw-event-tracker/vendor/laravel/framework/src/Illuminate/Container/BoundMethod.php(86): value(Object(Closure))
#14 /var/www/wroclaw-event-tracker/vendor/laravel/framework/src/Illuminate/Container/BoundMethod.php(30): Illuminate\Container\BoundMethod::callBoundMethod(Object(Illuminate\Foundation\Application), Array, Object(Closure))
#15 /var/www/wroclaw-event-tracker/vendor/laravel/framework/src/Illuminate/Container/Container.php(524): Illuminate\Container\BoundMethod::call(Object(Illuminate\Foundation\Application), Array, Array, NULL)
#16 /var/www/wroclaw-event-tracker/vendor/laravel/framework/src/Illuminate/Console/Command.php(182): Illuminate\Container\Container->call(Array)
#17 /var/www/wroclaw-event-tracker/vendor/symfony/console/Command/Command.php(262): Illuminate\Console\Command->execute(Object(Symfony\Component\Console\Input\ArgvInput), Object(Illuminate\Console\OutputStyle))
#18 /var/www/wroclaw-event-tracker/vendor/laravel/framework/src/Illuminate/Console/Command.php(167): Symfony\Component\Console\Command\Command->run(Object(Symfony\Component\Console\Input\ArgvInput), Object(Illuminate\Console\OutputStyle))
#19 /var/www/wroclaw-event-tracker/vendor/symfony/console/Application.php(826): Illuminate\Console\Command->run(Object(Symfony\Component\Console\Input\ArgvInput), Object(Symfony\Component\Console\Output\ConsoleOutput))
#20 /var/www/wroclaw-event-tracker/vendor/symfony/console/Application.php(189): Symfony\Component\Console\Application->doRunCommand(Object(App\Console\Commands\FacebookEventScraper), Object(Symfony\Component\Console\Input\ArgvInput), Object(Symfony\Component\Console\Output\ConsoleOutput))
#21 /var/www/wroclaw-event-tracker/vendor/symfony/console/Application.php(120): Symfony\Component\Console\Application->doRun(Object(Symfony\Component\Console\Input\ArgvInput), Object(Symfony\Component\Console\Output\ConsoleOutput))
#22 /var/www/wroclaw-event-tracker/vendor/laravel/framework/src/Illuminate/Foundation/Console/Kernel.php(123): Symfony\Component\Console\Application->run(Object(Symfony\Component\Console\Input\ArgvInput), Object(Symfony\Component\Console\Output\ConsoleOutput))
#23 /var/www/wroclaw-event-tracker/artisan(35): Illuminate\Foundation\Console\Kernel->handle(Object(Symfony\Component\Console\Input\ArgvInput), Object(Symfony\Component\Console\Output\ConsoleOutput))
#24 {main}

Next Facebook\Exceptions\FacebookResponseException: Unsupported get request. Object with ID '391822290879219' does not exist, cannot be loaded due to missing permissions, or does not support this operation. Please read the Graph API documentation at https://developers.facebook.com/docs/graph-api in /var/www/wroclaw-event-tracker/vendor/facebook/graph-sdk/src/Facebook/Exceptions/FacebookResponseException.php:106
Stack trace:
#0 /var/www/wroclaw-event-tracker/vendor/facebook/graph-sdk/src/Facebook/FacebookResponse.php(210): Facebook\Exceptions\FacebookResponseException::create(Object(Facebook\FacebookResponse))
#1 /var/www/wroclaw-event-tracker/vendor/facebook/graph-sdk/src/Facebook/FacebookResponse.php(255): Facebook\FacebookResponse->makeException()
#2 /var/www/wroclaw-event-tracker/vendor/facebook/graph-sdk/src/Facebook/FacebookResponse.php(82): Facebook\FacebookResponse->decodeBody()
#3 /var/www/wroclaw-event-tracker/vendor/facebook/graph-sdk/src/Facebook/FacebookClient.php(224): Facebook\FacebookResponse->__construct(Object(Facebook\FacebookRequest), '{"error":{"mess...', 400, Array)
#4 /var/www/wroclaw-event-tracker/vendor/facebook/graph-sdk/src/Facebook/Facebook.php(469): Facebook\FacebookClient->sendRequest(Object(Facebook\FacebookRequest))
#5 /var/www/wroclaw-event-tracker/app/Scrapers/Facebook/EventScraper.php(36): Facebook\Facebook->sendRequest('GET', '391822290879219...', Array)
#6 /var/www/wroclaw-event-tracker/app/Console/Commands/FacebookEventScraper.php(132): App\Scrapers\Facebook\EventScraper->fetchEvents(Object(App\Models\Place), Array)
#7 /var/www/wroclaw-event-tracker/app/Console/Commands/FacebookEventScraper.php(71): App\Console\Commands\FacebookEventScraper->fetchAllPlaceEvents(Object(App\Models\Place))
#8 /var/www/wroclaw-event-tracker/vendor/laravel/framework/src/Illuminate/Support/Collection.php(244): App\Console\Commands\FacebookEventScraper->App\Console\Commands\{closure}(Object(App\Models\Place), 492)
#9 /var/www/wroclaw-event-tracker/app/Console/Commands/FacebookEventScraper.php(99): Illuminate\Support\Collection->each(Object(Closure))
#10 [internal function]: App\Console\Commands\FacebookEventScraper->handle()
#11 /var/www/wroclaw-event-tracker/vendor/laravel/framework/src/Illuminate/Container/BoundMethod.php(28): call_user_func_array(Array, Array)
#12 /var/www/wroclaw-event-tracker/vendor/laravel/framework/src/Illuminate/Support/helpers.php(912): Illuminate\Container\BoundMethod::Illuminate\Container\{closure}()
#13 /var/www/wroclaw-event-tracker/vendor/laravel/framework/src/Illuminate/Container/BoundMethod.php(86): value(Object(Closure))
#14 /var/www/wroclaw-event-tracker/vendor/laravel/framework/src/Illuminate/Container/BoundMethod.php(30): Illuminate\Container\BoundMethod::callBoundMethod(Object(Illuminate\Foundation\Application), Array, Object(Closure))
#15 /var/www/wroclaw-event-tracker/vendor/laravel/framework/src/Illuminate/Container/Container.php(524): Illuminate\Container\BoundMethod::call(Object(Illuminate\Foundation\Application), Array, Array, NULL)
#16 /var/www/wroclaw-event-tracker/vendor/laravel/framework/src/Illuminate/Console/Command.php(182): Illuminate\Container\Container->call(Array)
#17 /var/www/wroclaw-event-tracker/vendor/symfony/console/Command/Command.php(262): Illuminate\Console\Command->execute(Object(Symfony\Component\Console\Input\ArgvInput), Object(Illuminate\Console\OutputStyle))
#18 /var/www/wroclaw-event-tracker/vendor/laravel/framework/src/Illuminate/Console/Command.php(167): Symfony\Component\Console\Command\Command->run(Object(Symfony\Component\Console\Input\ArgvInput), Object(Illuminate\Console\OutputStyle))
#19 /var/www/wroclaw-event-tracker/vendor/symfony/console/Application.php(826): Illuminate\Console\Command->run(Object(Symfony\Component\Console\Input\ArgvInput), Object(Symfony\Component\Console\Output\ConsoleOutput))
#20 /var/www/wroclaw-event-tracker/vendor/symfony/console/Application.php(189): Symfony\Component\Console\Application->doRunCommand(Object(App\Console\Commands\FacebookEventScraper), Object(Symfony\Component\Console\Input\ArgvInput), Object(Symfony\Component\Console\Output\ConsoleOutput))
#21 /var/www/wroclaw-event-tracker/vendor/symfony/console/Application.php(120): Symfony\Component\Console\Application->doRun(Object(Symfony\Component\Console\Input\ArgvInput), Object(Symfony\Component\Console\Output\ConsoleOutput))
#22 /var/www/wroclaw-event-tracker/vendor/laravel/framework/src/Illuminate/Foundation/Console/Kernel.php(123): Symfony\Component\Console\Application->run(Object(Symfony\Component\Console\Input\ArgvInput), Object(Symfony\Component\Console\Output\ConsoleOutput))
#23 /var/www/wroclaw-event-tracker/artisan(35): Illuminate\Foundation\Console\Kernel->handle(Object(Symfony\Component\Console\Input\ArgvInput), Object(Symfony\Component\Console\Output\ConsoleOutput))
#24 {main}  
[2017-01-27 18:47:24] local.ERROR: Facebook\Exceptions\FacebookAuthenticationException: Unsupported get request. Object with ID '391822290879219' does not exist, cannot be loaded due to missing permissions, or does not support this operation. Please read the Graph API documentation at https://developers.facebook.com/docs/graph-api in /var/www/wroclaw-event-tracker/vendor/facebook/graph-sdk/src/Facebook/Exceptions/FacebookResponseException.php:106
Stack trace:
#0 /var/www/wroclaw-event-tracker/vendor/facebook/graph-sdk/src/Facebook/FacebookResponse.php(210): Facebook\Exceptions\FacebookResponseException::create(Object(Facebook\FacebookResponse))
#1 /var/www/wroclaw-event-tracker/vendor/facebook/graph-sdk/src/Facebook/FacebookResponse.php(255): Facebook\FacebookResponse->makeException()
#2 /var/www/wroclaw-event-tracker/vendor/facebook/graph-sdk/src/Facebook/FacebookResponse.php(82): Facebook\FacebookResponse->decodeBody()
#3 /var/www/wroclaw-event-tracker/vendor/facebook/graph-sdk/src/Facebook/FacebookClient.php(224): Facebook\FacebookResponse->__construct(Object(Facebook\FacebookRequest), '{"error":{"mess...', 400, Array)
#4 /var/www/wroclaw-event-tracker/vendor/facebook/graph-sdk/src/Facebook/Facebook.php(469): Facebook\FacebookClient->sendRequest(Object(Facebook\FacebookRequest))
#5 /var/www/wroclaw-event-tracker/app/Scrapers/Facebook/EventScraper.php(36): Facebook\Facebook->sendRequest('GET', '391822290879219...', Array)
#6 /var/www/wroclaw-event-tracker/app/Console/Commands/FacebookEventScraper.php(133): App\Scrapers\Facebook\EventScraper->fetchEvents(Object(App\Models\Place), Array)
#7 /var/www/wroclaw-event-tracker/app/Console/Commands/FacebookEventScraper.php(72): App\Console\Commands\FacebookEventScraper->fetchAllPlaceEvents(Object(App\Models\Place))
#8 /var/www/wroclaw-event-tracker/vendor/laravel/framework/src/Illuminate/Support/Collection.php(244): App\Console\Commands\FacebookEventScraper->App\Console\Commands\{closure}(Object(App\Models\Place), 492)
#9 /var/www/wroclaw-event-tracker/app/Console/Commands/FacebookEventScraper.php(100): Illuminate\Support\Collection->each(Object(Closure))
#10 [internal function]: App\Console\Commands\FacebookEventScraper->handle()
#11 /var/www/wroclaw-event-tracker/vendor/laravel/framework/src/Illuminate/Container/BoundMethod.php(28): call_user_func_array(Array, Array)
#12 /var/www/wroclaw-event-tracker/vendor/laravel/framework/src/Illuminate/Support/helpers.php(912): Illuminate\Container\BoundMethod::Illuminate\Container\{closure}()
#13 /var/www/wroclaw-event-tracker/vendor/laravel/framework/src/Illuminate/Container/BoundMethod.php(86): value(Object(Closure))
#14 /var/www/wroclaw-event-tracker/vendor/laravel/framework/src/Illuminate/Container/BoundMethod.php(30): Illuminate\Container\BoundMethod::callBoundMethod(Object(Illuminate\Foundation\Application), Array, Object(Closure))
#15 /var/www/wroclaw-event-tracker/vendor/laravel/framework/src/Illuminate/Container/Container.php(524): Illuminate\Container\BoundMethod::call(Object(Illuminate\Foundation\Application), Array, Array, NULL)
#16 /var/www/wroclaw-event-tracker/vendor/laravel/framework/src/Illuminate/Console/Command.php(182): Illuminate\Container\Container->call(Array)
#17 /var/www/wroclaw-event-tracker/vendor/symfony/console/Command/Command.php(262): Illuminate\Console\Command->execute(Object(Symfony\Component\Console\Input\ArgvInput), Object(Illuminate\Console\OutputStyle))
#18 /var/www/wroclaw-event-tracker/vendor/laravel/framework/src/Illuminate/Console/Command.php(167): Symfony\Component\Console\Command\Command->run(Object(Symfony\Component\Console\Input\ArgvInput), Object(Illuminate\Console\OutputStyle))
#19 /var/www/wroclaw-event-tracker/vendor/symfony/console/Application.php(826): Illuminate\Console\Command->run(Object(Symfony\Component\Console\Input\ArgvInput), Object(Symfony\Component\Console\Output\ConsoleOutput))
#20 /var/www/wroclaw-event-tracker/vendor/symfony/console/Application.php(189): Symfony\Component\Console\Application->doRunCommand(Object(App\Console\Commands\FacebookEventScraper), Object(Symfony\Component\Console\Input\ArgvInput), Object(Symfony\Component\Console\Output\ConsoleOutput))
#21 /var/www/wroclaw-event-tracker/vendor/symfony/console/Application.php(120): Symfony\Component\Console\Application->doRun(Object(Symfony\Component\Console\Input\ArgvInput), Object(Symfony\Component\Console\Output\ConsoleOutput))
#22 /var/www/wroclaw-event-tracker/vendor/laravel/framework/src/Illuminate/Foundation/Console/Kernel.php(123): Symfony\Component\Console\Application->run(Object(Symfony\Component\Console\Input\ArgvInput), Object(Symfony\Component\Console\Output\ConsoleOutput))
#23 /var/www/wroclaw-event-tracker/artisan(35): Illuminate\Foundation\Console\Kernel->handle(Object(Symfony\Component\Console\Input\ArgvInput), Object(Symfony\Component\Console\Output\ConsoleOutput))
#24 {main}

Next Facebook\Exceptions\FacebookResponseException: Unsupported get request. Object with ID '391822290879219' does not exist, cannot be loaded due to missing permissions, or does not support this operation. Please read the Graph API documentation at https://developers.facebook.com/docs/graph-api in /var/www/wroclaw-event-tracker/vendor/facebook/graph-sdk/src/Facebook/Exceptions/FacebookResponseException.php:106
Stack trace:
#0 /var/www/wroclaw-event-tracker/vendor/facebook/graph-sdk/src/Facebook/FacebookResponse.php(210): Facebook\Exceptions\FacebookResponseException::create(Object(Facebook\FacebookResponse))
#1 /var/www/wroclaw-event-tracker/vendor/facebook/graph-sdk/src/Facebook/FacebookResponse.php(255): Facebook\FacebookResponse->makeException()
#2 /var/www/wroclaw-event-tracker/vendor/facebook/graph-sdk/src/Facebook/FacebookResponse.php(82): Facebook\FacebookResponse->decodeBody()
#3 /var/www/wroclaw-event-tracker/vendor/facebook/graph-sdk/src/Facebook/FacebookClient.php(224): Facebook\FacebookResponse->__construct(Object(Facebook\FacebookRequest), '{"error":{"mess...', 400, Array)
#4 /var/www/wroclaw-event-tracker/vendor/facebook/graph-sdk/src/Facebook/Facebook.php(469): Facebook\FacebookClient->sendRequest(Object(Facebook\FacebookRequest))
#5 /var/www/wroclaw-event-tracker/app/Scrapers/Facebook/EventScraper.php(36): Facebook\Facebook->sendRequest('GET', '391822290879219...', Array)
#6 /var/www/wroclaw-event-tracker/app/Console/Commands/FacebookEventScraper.php(133): App\Scrapers\Facebook\EventScraper->fetchEvents(Object(App\Models\Place), Array)
#7 /var/www/wroclaw-event-tracker/app/Console/Commands/FacebookEventScraper.php(72): App\Console\Commands\FacebookEventScraper->fetchAllPlaceEvents(Object(App\Models\Place))
#8 /var/www/wroclaw-event-tracker/vendor/laravel/framework/src/Illuminate/Support/Collection.php(244): App\Console\Commands\FacebookEventScraper->App\Console\Commands\{closure}(Object(App\Models\Place), 492)
#9 /var/www/wroclaw-event-tracker/app/Console/Commands/FacebookEventScraper.php(100): Illuminate\Support\Collection->each(Object(Closure))
#10 [internal function]: App\Console\Commands\FacebookEventScraper->handle()
#11 /var/www/wroclaw-event-tracker/vendor/laravel/framework/src/Illuminate/Container/BoundMethod.php(28): call_user_func_array(Array, Array)
#12 /var/www/wroclaw-event-tracker/vendor/laravel/framework/src/Illuminate/Support/helpers.php(912): Illuminate\Container\BoundMethod::Illuminate\Container\{closure}()
#13 /var/www/wroclaw-event-tracker/vendor/laravel/framework/src/Illuminate/Container/BoundMethod.php(86): value(Object(Closure))
#14 /var/www/wroclaw-event-tracker/vendor/laravel/framework/src/Illuminate/Container/BoundMethod.php(30): Illuminate\Container\BoundMethod::callBoundMethod(Object(Illuminate\Foundation\Application), Array, Object(Closure))
#15 /var/www/wroclaw-event-tracker/vendor/laravel/framework/src/Illuminate/Container/Container.php(524): Illuminate\Container\BoundMethod::call(Object(Illuminate\Foundation\Application), Array, Array, NULL)
#16 /var/www/wroclaw-event-tracker/vendor/laravel/framework/src/Illuminate/Console/Command.php(182): Illuminate\Container\Container->call(Array)
#17 /var/www/wroclaw-event-tracker/vendor/symfony/console/Command/Command.php(262): Illuminate\Console\Command->execute(Object(Symfony\Component\Console\Input\ArgvInput), Object(Illuminate\Console\OutputStyle))
#18 /var/www/wroclaw-event-tracker/vendor/laravel/framework/src/Illuminate/Console/Command.php(167): Symfony\Component\Console\Command\Command->run(Object(Symfony\Component\Console\Input\ArgvInput), Object(Illuminate\Console\OutputStyle))
#19 /var/www/wroclaw-event-tracker/vendor/symfony/console/Application.php(826): Illuminate\Console\Command->run(Object(Symfony\Component\Console\Input\ArgvInput), Object(Symfony\Component\Console\Output\ConsoleOutput))
#20 /var/www/wroclaw-event-tracker/vendor/symfony/console/Application.php(189): Symfony\Component\Console\Application->doRunCommand(Object(App\Console\Commands\FacebookEventScraper), Object(Symfony\Component\Console\Input\ArgvInput), Object(Symfony\Component\Console\Output\ConsoleOutput))
#21 /var/www/wroclaw-event-tracker/vendor/symfony/console/Application.php(120): Symfony\Component\Console\Application->doRun(Object(Symfony\Component\Console\Input\ArgvInput), Object(Symfony\Component\Console\Output\ConsoleOutput))
#22 /var/www/wroclaw-event-tracker/vendor/laravel/framework/src/Illuminate/Foundation/Console/Kernel.php(123): Symfony\Component\Console\Application->run(Object(Symfony\Component\Console\Input\ArgvInput), Object(Symfony\Component\Console\Output\ConsoleOutput))
#23 /var/www/wroclaw-event-tracker/artisan(35): Illuminate\Foundation\Console\Kernel->handle(Object(Symfony\Component\Console\Input\ArgvInput), Object(Symfony\Component\Console\Output\ConsoleOutput))
#24 {main}  
